0 silly argv {
0 silly argv   _: [ 'create' ],
0 silly argv   lernaVersion: '8.1.9',
0 silly argv   '$0': 'lerna',
0 silly argv   name: 'my-package'
0 silly argv }
1 notice cli v8.1.9
2 verbose packageConfigs Explicit "packages" configuration found in lerna.json. Resolving packages using the configured glob(s): ["packages/*"]
3 verbose rootPath /Users/molly.zhou/Documents/PERSONAL/lerna-learning
4 warn ENOREMOTE No git remote found, skipping repository property
5 error Error: canceled
5 error     at Interface.<anonymous> (/Users/molly.zhou/Documents/PERSONAL/lerna-learning/node_modules/read/dist/commonjs/read.js:89:21)
5 error     at Interface.emit (node:events:394:28)
5 error     at Interface._ttyWrite (node:readline:1081:16)
5 error     at ReadStream.onkeypress (node:readline:288:10)
5 error     at ReadStream.emit (node:events:394:28)
5 error     at emitKeys (node:internal/readline/utils:358:14)
5 error     at emitKeys.next (<anonymous>)
5 error     at ReadStream.onData (node:internal/readline/emitKeypressEvents:61:36)
5 error     at ReadStream.emit (node:events:394:28)
